<?xml version="1.0" encoding="UTF-8"?>
<!-- Generated by org.testng.reporters.JUnitXMLReporter -->
<testsuite ignored="3" hostname="DESKTOP-5V6VI5K" failures="0" tests="1" name="Default test" time="14.276" errors="0" timestamp="2024-02-13T10:08:51 IST">
  <testcase classname="com.part3.ReadDataFromExcelSheet.Question1" name="retrieveTheLinkByLambadaExpressions" time="14.2"/>
  <testcase classname="com.part3.ReadDataFromExcelSheet.Question1" name="retrieveThelinkByForEachLoop" time="0.0">
    <ignored/>
  </testcase> <!-- retrieveThelinkByForEachLoop -->
  <testcase classname="com.part3.ReadDataFromExcelSheet.Question1" name="retrieveTheLinkByParallelStream" time="0.0">
    <ignored/>
  </testcase> <!-- retrieveTheLinkByParallelStream -->
  <testcase classname="com.part3.ReadDataFromExcelSheet.Question1" name="retrieveTheLinkByStream" time="0.0">
    <ignored/>
  </testcase> <!-- retrieveTheLinkByStream -->
</testsuite> <!-- Default test -->
