<?xml version="1.0" encoding="UTF-8"?>
<testng-results ignored="3" total="4" passed="1" failed="0" skipped="0">
  <reporter-output>
  </reporter-output>
  <suite started-at="2024-02-13T10:08:37 IST" name="Default suite" finished-at="2024-02-13T10:08:51 IST" duration-ms="14276">
    <groups>
    </groups>
    <test started-at="2024-02-13T10:08:37 IST" name="Default test" finished-at="2024-02-13T10:08:51 IST" duration-ms="14276">
      <class name="com.part3.ReadDataFromExcelSheet.Question1">
        <test-method is-config="true" signature="invocation()[pri:0, instance:com.part3.ReadDataFromExcelSheet.Question1@c267ef4]" started-at="2024-02-13T10:08:37 IST" name="invocation" finished-at="2024-02-13T10:08:37 IST" duration-ms="6" status="PASS">
          <reporter-output>
          </reporter-output>
        </test-method> <!-- invocation -->
        <test-method signature="retrieveTheLinkByLambadaExpressions()[pri:0, instance:com.part3.ReadDataFromExcelSheet.Question1@c267ef4]" started-at="2024-02-13T10:08:37 IST" name="retrieveTheLinkByLambadaExpressions" finished-at="2024-02-13T10:08:51 IST" duration-ms="14200" status="PASS">
          <reporter-output>
          </reporter-output>
        </test-method> <!-- retrieveTheLinkByLambadaExpressions -->
      </class> <!-- com.part3.ReadDataFromExcelSheet.Question1 -->
    </test> <!-- Default test -->
  </suite> <!-- Default suite -->
</testng-results>
